#
# A fatal error has been detected by the Java Runtime Environment:
#
#  EXCEPTION_ACCESS_VIOLATION (0xc0000005) at pc=0x000000005bb2fb60, pid=6568, tid=0x0000000000000c84
#
# JRE version: Java(TM) SE Runtime Environment (8.0_121-b13) (build 1.8.0_121-b13)
# Java VM: Java HotSpot(TM) 64-Bit Server VM (25.121-b13 mixed mode windows-amd64 compressed oops)
# Problematic frame:
# V  [jvm.dll+0xafb60]
#
# Failed to write core dump. Minidumps are not enabled by default on client versions of Windows
#
# If you would like to submit a bug report, please visit:
#   http://bugreport.java.com/bugreport/crash.jsp
#

---------------  T H R E A D  ---------------

Current thread (0x0000000002591000):  GCTaskThread [stack: 0x0000000012a10000,0x0000000012b10000] [id=3204]

siginfo: ExceptionCode=0xc0000005, reading address 0x0000000000000011

Registers:
RAX=0x0000000000000000, RBX=0x00000000de2a4e38, RCX=0x00000000de2a4e38, RDX=0x0000000000000009
RSP=0x0000000012b0f848, RBP=0x0000000011cf4876, RSI=0x0000000058be0f40, RDI=0x0000000082af8e08
R8 =0x0000000058be0f40, R9 =0x0000000000000005, R10=0x0000000000000008, R11=0x00000000e3521030
R12=0x0000000011cf47a7, R13=0x0000000000000000, R14=0x0000000000000000, R15=0x000000000257c4e0
RIP=0x000000005bb2fb60, EFLAGS=0x0000000000010206

Top of Stack: (sp=0x0000000012b0f848)
0x0000000012b0f848:   000000005be80ab2 00000000de2a6e20
0x0000000012b0f858:   0000000000000003 0000000058be0f40
0x0000000012b0f868:   00000000de501a98 00000000e3519040
0x0000000012b0f878:   0000000000001000 0000000058be0f40
0x0000000012b0f888:   000000005bb93393 0000000000000000
0x0000000012b0f898:   0000000058be0f00 0000000011cf47a7
0x0000000012b0f8a8:   000000005be80e20 00000000e351d79c
0x0000000012b0f8b8:   0000000011cf4876 0000000058be0f40
0x0000000012b0f8c8:   0000000082af8e08 00000000e351d79c
0x0000000012b0f8d8:   000000005be819c5 00000000de23d010
0x0000000012b0f8e8:   0000000011cf2401 0000000058be0f40
0x0000000012b0f8f8:   0000000000000002 0000000058be0f40
0x0000000012b0f908:   000000005bb6c35a 00000000828ff65c
0x0000000012b0f918:   000000005bb95187 0000000058be0f40
0x0000000012b0f928:   000000005bb93393 000000008297c725
0x0000000012b0f938:   000000008297c725 0000000082af6fb0 

Instructions: (pc=0x000000005bb2fb60)
0x000000005bb2fb40:   ac b8 1d 00 48 8b 9c 24 d0 00 00 00 48 81 c4 c0
0x000000005bb2fb50:   00 00 00 5d c3 cc cc cc cc cc cc cc cc cc cc cc
0x000000005bb2fb60:   44 8b 42 08 4c 8b ca 45 85 c0 7e 0e 41 f6 c0 01
0x000000005bb2fb70:   75 57 41 c1 f8 03 41 8b c0 c3 79 4d 80 3d ee c7 


Register to memory mapping:

RAX=0x0000000000000000 is an unknown value
RBX=0x00000000de2a4e38 is an unknown value
RCX=0x00000000de2a4e38 is an unknown value
RDX=0x0000000000000009 is an unknown value
RSP=0x0000000012b0f848 is an unknown value
RBP=0x0000000011cf4876 is an unknown value
RSI=0x0000000058be0f40 is an unknown value
RDI=0x0000000082af8e08 is an oop
[C 
 - klass: {type array char}
 - length: 191
R8 =0x0000000058be0f40 is an unknown value
R9 =0x0000000000000005 is an unknown value
R10=0x0000000000000008 is an unknown value
R11=0x00000000e3521030 is an unknown value
R12=0x0000000011cf47a7 is an unknown value
R13=0x0000000000000000 is an unknown value
R14=0x0000000000000000 is an unknown value
R15=0x000000000257c4e0 is an unknown value


Stack: [0x0000000012a10000,0x0000000012b10000],  sp=0x0000000012b0f848,  free space=1022k
Native frames: (J=compiled Java code, j=interpreted, Vv=VM code, C=native code)
V  [jvm.dll+0xafb60]


---------------  P R O C E S S  ---------------

Java Threads: ( => current thread )
  0x0000000060642800 JavaThread "Abandoned connection cleanup thread" daemon [_thread_blocked, id=1416, stack(0x000000005d880000,0x000000005d980000)]
  0x0000000060641800 JavaThread "Keep-Alive-Timer" daemon [_thread_blocked, id=8700, stack(0x000000005dad0000,0x000000005dbd0000)]
  0x0000000058d35000 JavaThread "Service Thread" daemon [_thread_blocked, id=8368, stack(0x0000000059f60000,0x000000005a060000)]
  0x0000000058c9d000 JavaThread "C1 CompilerThread3" daemon [_thread_blocked, id=8920, stack(0x000000005a950000,0x000000005aa50000)]
  0x0000000058c8e000 JavaThread "C2 CompilerThread2" daemon [_thread_blocked, id=8616, stack(0x000000005a7b0000,0x000000005a8b0000)]
  0x0000000058c89000 JavaThread "C2 CompilerThread1" daemon [_thread_blocked, id=7164, stack(0x000000005a540000,0x000000005a640000)]
  0x0000000058c88000 JavaThread "C2 CompilerThread0" daemon [_thread_blocked, id=7424, stack(0x000000005a3b0000,0x000000005a4b0000)]
  0x0000000058c6f000 JavaThread "Monitor Ctrl-Break" daemon [_thread_in_native, id=7280, stack(0x000000005a180000,0x000000005a280000)]
  0x0000000058c5d000 JavaThread "Attach Listener" daemon [_thread_blocked, id=5936, stack(0x000000005a2a0000,0x000000005a3a0000)]
  0x0000000058c5c000 JavaThread "Signal Dispatcher" daemon [_thread_blocked, id=6848, stack(0x000000005a080000,0x000000005a180000)]
  0x0000000057b88800 JavaThread "Finalizer" daemon [_thread_blocked, id=7332, stack(0x0000000059e60000,0x0000000059f60000)]
  0x0000000057b81800 JavaThread "Reference Handler" daemon [_thread_blocked, id=404, stack(0x0000000059cb0000,0x0000000059db0000)]
  0x0000000002568800 JavaThread "main" [_thread_blocked, id=8976, stack(0x0000000002830000,0x0000000002930000)]

Other Threads:
  0x0000000057b79000 VMThread [stack: 0x0000000059b30000,0x0000000059c30000] [id=8484]
  0x0000000058e35000 WatcherThread [stack: 0x000000005acc0000,0x000000005adc0000] [id=8056]

=>0x0000000002591000 (exited) GCTaskThread [stack: 0x0000000012a10000,0x0000000012b10000] [id=3204]

VM state:at safepoint (normal execution)

VM Mutex/Monitor currently owned by a thread:  ([mutex/lock_event])
[0x00000000002ce7e0] Threads_lock - owner thread: 0x0000000057b79000
[0x00000000002cece0] Heap_lock - owner thread: 0x0000000002568800

Heap:
 PSYoungGen      total 136192K, used 98872K [0x00000000d6100000, 0x00000000e4000000, 0x0000000100000000)
  eden space 131072K, 71% used [0x00000000d6100000,0x00000000dbc92430,0x00000000de100000)
  from space 5120K, 99% used [0x00000000de100000,0x00000000de5fbeb0,0x00000000de600000)
  to   space 15360K, 51% used [0x00000000e3100000,0x00000000e38afec0,0x00000000e4000000)
 ParOldGen       total 60928K, used 18804K [0x0000000082200000, 0x0000000085d80000, 0x00000000d6100000)
  object space 60928K, 30% used [0x0000000082200000,0x000000008345d038,0x0000000085d80000)
 Metaspace       used 34441K, capacity 35468K, committed 35496K, reserved 1079296K
  class space    used 4533K, capacity 4758K, committed 4776K, reserved 1048576K

Card table byte_map: [0x0000000011cf0000,0x00000000120e0000] byte_map_base: 0x00000000118df000

Marking Bits: (ParMarkBitMap*) 0x000000005c29b6d0
 Begin Bits: [0x0000000012eb0000, 0x0000000014e28000)
 End Bits:   [0x0000000014e28000, 0x0000000016da0000)

Polling page: 0x0000000000230000

CodeCache: size=245760Kb used=11819Kb max_used=11819Kb free=233940Kb
 bounds [0x0000000002930000, 0x00000000034d0000, 0x0000000011930000]
 total_blobs=3607 nmethods=3192 adapters=327
 compilation: enabled

Compilation events (10 events):
Event: 3.656 Thread 0x0000000058c9d000 3190       3       com.sun.org.apache.xerces.internal.impl.dtd.DTDGrammar::ensureContentSpecCapacity (112 bytes)
Event: 3.657 Thread 0x0000000058c9d000 nmethod 3190 0x00000000034be9d0 code [0x00000000034bebe0, 0x00000000034bf868]
Event: 3.657 Thread 0x0000000058c9d000 3195       3       com.sun.org.apache.xerces.internal.impl.dtd.models.CMStateSet::zeroBits (47 bytes)
Event: 3.657 Thread 0x0000000058c9d000 nmethod 3195 0x00000000034bb050 code [0x00000000034bb1c0, 0x00000000034bb450]
Event: 3.657 Thread 0x0000000058c9d000 3191       3       com.sun.org.apache.xerces.internal.impl.dtd.XMLContentSpec::setValues (16 bytes)
Event: 3.657 Thread 0x0000000058c9d000 nmethod 3191 0x00000000034be650 code [0x00000000034be7a0, 0x00000000034be930]
Event: 3.657 Thread 0x0000000058c9d000 3192       3       com.sun.org.apache.xerces.internal.impl.dtd.DTDGrammar::setContentSpec (52 bytes)
Event: 3.657 Thread 0x0000000058c9d000 nmethod 3192 0x00000000034c04d0 code [0x00000000034c0660, 0x00000000034c0af0]
Event: 3.657 Thread 0x0000000058c9d000 3194       3       com.sun.org.apache.xerces.internal.dom.DeferredDocumentImpl::setChunkIndex (67 bytes)
Event: 3.657 Thread 0x0000000058c9d000 nmethod 3194 0x00000000034c0f10 code [0x00000000034c10c0, 0x00000000034c16b8]

GC Heap History (10 events):
Event: 0.689 GC heap after
Heap after GC invocations=2 (full 0):
 PSYoungGen      total 70656K, used 4600K [0x00000000d6100000, 0x00000000dab00000, 0x0000000100000000)
  eden space 65536K, 0% used [0x00000000d6100000,0x00000000d6100000,0x00000000da100000)
  from space 5120K, 89% used [0x00000000da600000,0x00000000daa7e3f8,0x00000000dab00000)
  to   space 5120K, 0% used [0x00000000da100000,0x00000000da100000,0x00000000da600000)
 ParOldGen       total 86016K, used 16K [0x0000000082200000, 0x0000000087600000, 0x00000000d6100000)
  object space 86016K, 0% used [0x0000000082200000,0x0000000082204000,0x0000000087600000)
 Metaspace       used 11085K, capacity 11386K, committed 11648K, reserved 1058816K
  class space    used 1325K, capacity 1397K, committed 1408K, reserved 1048576K
}
Event: 1.078 GC heap before
{Heap before GC invocations=3 (full 0):
 PSYoungGen      total 70656K, used 70136K [0x00000000d6100000, 0x00000000dab00000, 0x0000000100000000)
  eden space 65536K, 100% used [0x00000000d6100000,0x00000000da100000,0x00000000da100000)
  from space 5120K, 89% used [0x00000000da600000,0x00000000daa7e3f8,0x00000000dab00000)
  to   space 5120K, 0% used [0x00000000da100000,0x00000000da100000,0x00000000da600000)
 ParOldGen       total 86016K, used 16K [0x0000000082200000, 0x0000000087600000, 0x00000000d6100000)
  object space 86016K, 0% used [0x0000000082200000,0x0000000082204000,0x0000000087600000)
 Metaspace       used 16201K, capacity 16718K, committed 16896K, reserved 1064960K
  class space    used 2121K, capacity 2263K, committed 2304K, reserved 1048576K
Event: 1.084 GC heap after
Heap after GC invocations=3 (full 0):
 PSYoungGen      total 70656K, used 5106K [0x00000000d6100000, 0x00000000deb00000, 0x0000000100000000)
  eden space 65536K, 0% used [0x00000000d6100000,0x00000000d6100000,0x00000000da100000)
  from space 5120K, 99% used [0x00000000da100000,0x00000000da5fcaf8,0x00000000da600000)
  to   space 5120K, 0% used [0x00000000de600000,0x00000000de600000,0x00000000deb00000)
 ParOldGen       total 86016K, used 2396K [0x0000000082200000, 0x0000000087600000, 0x00000000d6100000)
  object space 86016K, 2% used [0x0000000082200000,0x0000000082457338,0x0000000087600000)
 Metaspace       used 16201K, capacity 16718K, committed 16896K, reserved 1064960K
  class space    used 2121K, capacity 2263K, committed 2304K, reserved 1048576K
}
Event: 1.236 GC heap before
{Heap before GC invocations=4 (full 0):
 PSYoungGen      total 70656K, used 66358K [0x00000000d6100000, 0x00000000deb00000, 0x0000000100000000)
  eden space 65536K, 93% used [0x00000000d6100000,0x00000000d9cd0d30,0x00000000da100000)
  from space 5120K, 99% used [0x00000000da100000,0x00000000da5fcaf8,0x00000000da600000)
  to   space 5120K, 0% used [0x00000000de600000,0x00000000de600000,0x00000000deb00000)
 ParOldGen       total 86016K, used 2396K [0x0000000082200000, 0x0000000087600000, 0x00000000d6100000)
  object space 86016K, 2% used [0x0000000082200000,0x0000000082457338,0x0000000087600000)
 Metaspace       used 20617K, capacity 21180K, committed 21296K, reserved 1067008K
  class space    used 2736K, capacity 2880K, committed 2944K, reserved 1048576K
Event: 1.242 GC heap after
Heap after GC invocations=4 (full 0):
 PSYoungGen      total 136192K, used 5105K [0x00000000d6100000, 0x00000000deb00000, 0x0000000100000000)
  eden space 131072K, 0% used [0x00000000d6100000,0x00000000d6100000,0x00000000de100000)
  from space 5120K, 99% used [0x00000000de600000,0x00000000deafc760,0x00000000deb00000)
  to   space 5120K, 0% used [0x00000000de100000,0x00000000de100000,0x00000000de600000)
 ParOldGen       total 86016K, used 6059K [0x0000000082200000, 0x0000000087600000, 0x00000000d6100000)
  object space 86016K, 7% used [0x0000000082200000,0x00000000827ead50,0x0000000087600000)
 Metaspace       used 20617K, capacity 21180K, committed 21296K, reserved 1067008K
  class space    used 2736K, capacity 2880K, committed 2944K, reserved 1048576K
}
Event: 1.242 GC heap before
{Heap before GC invocations=5 (full 1):
 PSYoungGen      total 136192K, used 5105K [0x00000000d6100000, 0x00000000deb00000, 0x0000000100000000)
  eden space 131072K, 0% used [0x00000000d6100000,0x00000000d6100000,0x00000000de100000)
  from space 5120K, 99% used [0x00000000de600000,0x00000000deafc760,0x00000000deb00000)
  to   space 5120K, 0% used [0x00000000de100000,0x00000000de100000,0x00000000de600000)
 ParOldGen       total 86016K, used 6059K [0x0000000082200000, 0x0000000087600000, 0x00000000d6100000)
  object space 86016K, 7% used [0x0000000082200000,0x00000000827ead50,0x0000000087600000)
 Metaspace       used 20617K, capacity 21180K, committed 21296K, reserved 1067008K
  class space    used 2736K, capacity 2880K, committed 2944K, reserved 1048576K
Event: 1.264 GC heap after
Heap after GC invocations=5 (full 1):
 PSYoungGen      total 136192K, used 0K [0x00000000d6100000, 0x00000000deb00000, 0x0000000100000000)
  eden space 131072K, 0% used [0x00000000d6100000,0x00000000d6100000,0x00000000de100000)
  from space 5120K, 0% used [0x00000000de600000,0x00000000de600000,0x00000000deb00000)
  to   space 5120K, 0% used [0x00000000de100000,0x00000000de100000,0x00000000de600000)
 ParOldGen       total 60928K, used 8537K [0x0000000082200000, 0x0000000085d80000, 0x00000000d6100000)
  object space 60928K, 14% used [0x0000000082200000,0x0000000082a567f0,0x0000000085d80000)
 Metaspace       used 20617K, capacity 21180K, committed 21296K, reserved 1067008K
  class space    used 2736K, capacity 2880K, committed 2944K, reserved 1048576K
}
Event: 3.110 GC heap before
{Heap before GC invocations=6 (full 1):
 PSYoungGen      total 136192K, used 131072K [0x00000000d6100000, 0x00000000deb00000, 0x0000000100000000)
  eden space 131072K, 100% used [0x00000000d6100000,0x00000000de100000,0x00000000de100000)
  from space 5120K, 0% used [0x00000000de600000,0x00000000de600000,0x00000000deb00000)
  to   space 5120K, 0% used [0x00000000de100000,0x00000000de100000,0x00000000de600000)
 ParOldGen       total 60928K, used 8537K [0x0000000082200000, 0x0000000085d80000, 0x00000000d6100000)
  object space 60928K, 14% used [0x0000000082200000,0x0000000082a567f0,0x0000000085d80000)
 Metaspace       used 31115K, capacity 31996K, committed 32256K, reserved 1077248K
  class space    used 4079K, capacity 4280K, committed 4352K, reserved 1048576K
Event: 3.124 GC heap after
Heap after GC invocations=6 (full 1):
 PSYoungGen      total 136192K, used 5103K [0x00000000d6100000, 0x00000000e4000000, 0x0000000100000000)
  eden space 131072K, 0% used [0x00000000d6100000,0x00000000d6100000,0x00000000de100000)
  from space 5120K, 99% used [0x00000000de100000,0x00000000de5fbeb0,0x00000000de600000)
  to   space 15360K, 0% used [0x00000000e3100000,0x00000000e3100000,0x00000000e4000000)
 ParOldGen       total 60928K, used 18796K [0x0000000082200000, 0x0000000085d80000, 0x00000000d6100000)
  object space 60928K, 30% used [0x0000000082200000,0x000000008345b038,0x0000000085d80000)
 Metaspace       used 31115K, capacity 31996K, committed 32256K, reserved 1077248K
  class space    used 4079K, capacity 4280K, committed 4352K, reserved 1048576K
}
Event: 3.659 GC heap before
{Heap before GC invocations=7 (full 1):
 PSYoungGen      total 136192K, used 98872K [0x00000000d6100000, 0x00000000e4000000, 0x0000000100000000)
  eden space 131072K, 71% used [0x00000000d6100000,0x00000000dbc92430,0x00000000de100000)
  from space 5120K, 99% used [0x00000000de100000,0x00000000de5fbeb0,0x00000000de600000)
  to   space 15360K, 0% used [0x00000000e3100000,0x00000000e3100000,0x00000000e4000000)
 ParOldGen       total 60928K, used 18796K [0x0000000082200000, 0x0000000085d80000, 0x00000000d6100000)
  object space 60928K, 30% used [0x0000000082200000,0x000000008345b038,0x0000000085d80000)
 Metaspace       used 34441K, capacity 35468K, committed 35496K, reserved 1079296K
  class space    used 4533K, capacity 4758K, committed 4776K, reserved 1048576K

Deoptimization events (10 events):
Event: 3.555 Thread 0x0000000060642800 Uncommon trap: reason=unstable_if action=reinterpret pc=0x0000000002f76370 method=java.net.URL.<init>(Ljava/net/URL;Ljava/lang/String;Ljava/net/URLStreamHandler;)V @ 57
Event: 3.555 Thread 0x0000000060642800 Uncommon trap: reason=unstable_if action=reinterpret pc=0x0000000002d9eb9c method=java.net.URLStreamHandler.parseURL(Ljava/net/URL;Ljava/lang/String;II)V @ 57
Event: 3.555 Thread 0x0000000060642800 Uncommon trap: reason=unstable_if action=reinterpret pc=0x00000000030ce3b4 method=java.io.WinNTFileSystem.resolve(Ljava/lang/String;Ljava/lang/String;)Ljava/lang/String; @ 19
Event: 3.557 Thread 0x0000000002568800 Uncommon trap: reason=unstable_if action=reinterpret pc=0x0000000002b2e980 method=java.lang.AbstractStringBuilder.append(Ljava/lang/String;)Ljava/lang/AbstractStringBuilder; @ 1
Event: 3.565 Thread 0x0000000002568800 Uncommon trap: reason=class_check action=maybe_recompile pc=0x0000000003051cf4 method=java.util.concurrent.ConcurrentHashMap.putVal(Ljava/lang/Object;Ljava/lang/Object;Z)Ljava/lang/Object; @ 192
Event: 3.566 Thread 0x0000000002568800 Uncommon trap: reason=class_check action=maybe_recompile pc=0x0000000003051cf4 method=java.util.concurrent.ConcurrentHashMap.putVal(Ljava/lang/Object;Ljava/lang/Object;Z)Ljava/lang/Object; @ 192
Event: 3.579 Thread 0x0000000002568800 Uncommon trap: reason=class_check action=maybe_recompile pc=0x0000000003051cf4 method=java.util.concurrent.ConcurrentHashMap.putVal(Ljava/lang/Object;Ljava/lang/Object;Z)Ljava/lang/Object; @ 192
Event: 3.630 Thread 0x0000000002568800 Uncommon trap: reason=unstable_if action=reinterpret pc=0x000000000339d4b8 method=java.util.concurrent.ConcurrentHashMap.get(Ljava/lang/Object;)Ljava/lang/Object; @ 152
Event: 3.639 Thread 0x0000000002568800 Uncommon trap: reason=null_check action=make_not_entrant pc=0x000000000340ffa0 method=org.springframework.util.ClassUtils.isAssignable(Ljava/lang/Class;Ljava/lang/Class;)Z @ 14
Event: 3.647 Thread 0x0000000002568800 Uncommon trap: reason=unstable_if action=reinterpret pc=0x0000000002b28fc0 method=java.lang.AbstractStringBuilder.append(Ljava/lang/String;)Ljava/lang/AbstractStringBuilder; @ 1

Internal exceptions (10 events):
Event: 3.574 Thread 0x0000000002568800 Exception <a 'java/lang/ClassNotFoundException': org/springframework/beans/factory/InitializingBeanCustomizer> (0x00000000dacdbc90) thrown at [C:\re\workspace\8-2-build-windows-amd64-cygwin\jdk8u121\8372\hotspot\src\share\vm\classfile\systemDictionary.cpp
Event: 3.587 Thread 0x0000000002568800 Exception <a 'java/lang/NoSuchMethodError': org.slf4j.impl.StaticMarkerBinder.getSingleton()Lorg/slf4j/impl/StaticMarkerBinder;> (0x00000000dae4d338) thrown at [C:\re\workspace\8-2-build-windows-amd64-cygwin\jdk8u121\8372\hotspot\src\share\vm\interpreter\
Event: 3.629 Thread 0x0000000002568800 Exception <a 'java/lang/ClassNotFoundException': java/lang/ObjectCustomizer> (0x00000000db745b18) thrown at [C:\re\workspace\8-2-build-windows-amd64-cygwin\jdk8u121\8372\hotspot\src\share\vm\classfile\systemDictionary.cpp, line 210]
Event: 3.629 Thread 0x0000000002568800 Exception <a 'java/lang/ClassNotFoundException': org/apache/ibatis/session/defaults/DefaultSqlSessionFactoryCustomizer> (0x00000000db774258) thrown at [C:\re\workspace\8-2-build-windows-amd64-cygwin\jdk8u121\8372\hotspot\src\share\vm\classfile\systemDicti
Event: 3.629 Thread 0x0000000002568800 Exception <a 'java/lang/ClassNotFoundException': org/apache/ibatis/session/SqlSessionFactoryCustomizer> (0x00000000db7a05a0) thrown at [C:\re\workspace\8-2-build-windows-amd64-cygwin\jdk8u121\8372\hotspot\src\share\vm\classfile\systemDictionary.cpp, line 
Event: 3.635 Thread 0x0000000002568800 Exception <a 'java/lang/ClassNotFoundException': java/lang/ObjectCustomizer> (0x00000000db871280) thrown at [C:\re\workspace\8-2-build-windows-amd64-cygwin\jdk8u121\8372\hotspot\src\share\vm\classfile\systemDictionary.cpp, line 210]
Event: 3.636 Thread 0x0000000002568800 Exception <a 'java/lang/ClassNotFoundException': org/mybatis/spring/SqlSessionTemplateCustomizer> (0x00000000db8953c0) thrown at [C:\re\workspace\8-2-build-windows-amd64-cygwin\jdk8u121\8372\hotspot\src\share\vm\classfile\systemDictionary.cpp, line 210]
Event: 3.637 Thread 0x0000000002568800 Exception <a 'java/lang/ClassNotFoundException': org/apache/ibatis/session/SqlSessionCustomizer> (0x00000000db8ef308) thrown at [C:\re\workspace\8-2-build-windows-amd64-cygwin\jdk8u121\8372\hotspot\src\share\vm\classfile\systemDictionary.cpp, line 210]
Event: 3.638 Thread 0x0000000002568800 Exception <a 'java/lang/ClassNotFoundException': org/springframework/beans/factory/DisposableBeanCustomizer> (0x00000000db933008) thrown at [C:\re\workspace\8-2-build-windows-amd64-cygwin\jdk8u121\8372\hotspot\src\share\vm\classfile\systemDictionary.cpp, 
Event: 3.647 Thread 0x0000000002568800 Implicit null exception at 0x0000000002b28c06 to 0x0000000002b28fa9

Events (10 events):
Event: 3.658 loading class com/sun/org/apache/xpath/internal/functions/FuncFloor
Event: 3.658 loading class com/sun/org/apache/xpath/internal/functions/FuncFloor done
Event: 3.658 loading class com/sun/org/apache/xpath/internal/functions/FuncCeiling
Event: 3.659 loading class com/sun/org/apache/xpath/internal/functions/FuncCeiling done
Event: 3.659 loading class com/sun/org/apache/xpath/internal/functions/FuncRound
Event: 3.659 loading class com/sun/org/apache/xpath/internal/functions/FuncRound done
Event: 3.659 loading class com/sun/org/apache/xpath/internal/functions/FuncSum
Event: 3.659 loading class com/sun/org/apache/xpath/internal/functions/FuncSum done
Event: 3.659 loading class com/sun/org/apache/xpath/internal/functions/FuncString
Event: 3.659 Executing VM operation: CollectForMetadataAllocation


Dynamic libraries:
0x000000013fca0000 - 0x000000013fcd7000 	D:\Java8\jdk1.8.0_121\bin\java.exe
0x0000000076cf0000 - 0x0000000076e8f000 	C:\Windows\SYSTEM32\ntdll.dll
0x0000000076ad0000 - 0x0000000076bef000 	C:\Windows\system32\kernel32.dll
0x000007fefca60000 - 0x000007fefcaca000 	C:\Windows\system32\KERNELBASE.dll
0x000007fefd400000 - 0x000007fefd4db000 	C:\Windows\system32\ADVAPI32.dll
0x000007fefd190000 - 0x000007fefd22f000 	C:\Windows\system32\msvcrt.dll
0x000007fefe550000 - 0x000007fefe56f000 	C:\Windows\SYSTEM32\sechost.dll
0x000007fefe860000 - 0x000007fefe98d000 	C:\Windows\system32\RPCRT4.dll
0x0000000076bf0000 - 0x0000000076cea000 	C:\Windows\system32\USER32.dll
0x000007fefd750000 - 0x000007fefd7b7000 	C:\Windows\system32\GDI32.dll
0x000007fefe850000 - 0x000007fefe85e000 	C:\Windows\system32\LPK.dll
0x000007fefcec0000 - 0x000007fefcf8b000 	C:\Windows\system32\USP10.dll
0x000007fefae90000 - 0x000007fefb084000 	C:\Windows\WinSxS\amd64_microsoft.windows.common-controls_6595b64144ccf1df_6.0.7601.18837_none_fa3b1e3d17594757\COMCTL32.dll
0x000007fefe7d0000 - 0x000007fefe841000 	C:\Windows\system32\SHLWAPI.dll
0x000007fefeb70000 - 0x000007fefeb9e000 	C:\Windows\system32\IMM32.DLL
0x000007fefeba0000 - 0x000007fefeca9000 	C:\Windows\system32\MSCTF.dll
0x000000005e750000 - 0x000000005e822000 	D:\Java8\jdk1.8.0_121\jre\bin\msvcr100.dll
0x000000005ba80000 - 0x000000005c31b000 	D:\Java8\jdk1.8.0_121\jre\bin\server\jvm.dll
0x000007fefb0e0000 - 0x000007fefb0e9000 	C:\Windows\system32\WSOCK32.dll
0x000007fefd310000 - 0x000007fefd35d000 	C:\Windows\system32\WS2_32.dll
0x000007fefe990000 - 0x000007fefe998000 	C:\Windows\system32\NSI.dll
0x000007fefcba0000 - 0x000007fefcbdb000 	C:\Windows\system32\WINMM.dll
0x000007fefb8c0000 - 0x000007fefb8cc000 	C:\Windows\system32\VERSION.dll
0x0000000076e90000 - 0x0000000076e97000 	C:\Windows\system32\PSAPI.DLL
0x000000005ea90000 - 0x000000005ea9f000 	D:\Java8\jdk1.8.0_121\jre\bin\verify.dll
0x000000005ea60000 - 0x000000005ea89000 	D:\Java8\jdk1.8.0_121\jre\bin\java.dll
0x000000005e6d0000 - 0x000000005e6f3000 	D:\Java8\jdk1.8.0_121\jre\bin\instrument.dll
0x000000005e930000 - 0x000000005e946000 	D:\Java8\jdk1.8.0_121\jre\bin\zip.dll
0x000007fefd7c0000 - 0x000007fefe54a000 	C:\Windows\system32\SHELL32.dll
0x000007fefcf90000 - 0x000007fefd18d000 	C:\Windows\system32\ole32.dll
0x000007fefc9b0000 - 0x000007fefc9bf000 	C:\Windows\system32\profapi.dll
0x000007fedf7e0000 - 0x000007fedf7fa000 	D:\IntelliJ IDEA 2018.1.4\bin\breakgen64.dll
0x000000005e8e0000 - 0x000000005e8fa000 	D:\Java8\jdk1.8.0_121\jre\bin\net.dll
0x000007fefc1b0000 - 0x000007fefc205000 	C:\Windows\system32\mswsock.dll
0x000007fefc1a0000 - 0x000007fefc1a7000 	C:\Windows\System32\wship6.dll
0x000000005e030000 - 0x000000005e041000 	D:\Java8\jdk1.8.0_121\jre\bin\nio.dll
0x0000000001cb0000 - 0x0000000001cbd000 	D:\Java8\jdk1.8.0_121\jre\bin\management.dll
0x000007fefa4b0000 - 0x000007fefa4c5000 	C:\Windows\system32\NLAapi.dll
0x000007fef68e0000 - 0x000007fef68f5000 	C:\Windows\system32\napinsp.dll
0x000007fef68c0000 - 0x000007fef68d9000 	C:\Windows\system32\pnrpnsp.dll
0x000007fefc030000 - 0x000007fefc08b000 	C:\Windows\system32\DNSAPI.dll
0x000007fef68b0000 - 0x000007fef68bb000 	C:\Windows\System32\winrnr.dll
0x000007fefb8e0000 - 0x000007fefb9f4000 	C:\Windows\SysWOW64\ierd_tgp_lsp64.dll
0x000007fefb8d0000 - 0x000007fefb8d3000 	C:\Windows\system32\api-ms-win-core-synch-l1-2-0.DLL
0x000007fefb8b0000 - 0x000007fefb8b7000 	C:\Windows\System32\wshtcpip.dll
0x000007fef9e60000 - 0x000007fef9e87000 	C:\Windows\system32\IPHLPAPI.DLL
0x000007fef9e50000 - 0x000007fef9e5b000 	C:\Windows\system32\WINNSI.DLL
0x000007fef7050000 - 0x000007fef7058000 	C:\Windows\system32\rasadhlp.dll
0x000007fef9b50000 - 0x000007fef9ba3000 	C:\Windows\System32\fwpuclnt.dll
0x000007fee7150000 - 0x000007fee7275000 	C:\Windows\system32\dbghelp.dll

VM Arguments:
jvm_args: -ea -Didea.test.cyclic.buffer.size=1048576 -javaagent:D:\IntelliJ IDEA 2018.1.4\lib\idea_rt.jar=18355:D:\IntelliJ IDEA 2018.1.4\bin -Dfile.encoding=UTF-8 
java_command: com.intellij.rt.execution.junit.JUnitStarter -ideVersion5 -junit4 com.sso.cas.server.ServerApplicationTests,contextLoads
java_class_path (initial): D:\IntelliJ IDEA 2018.1.4\lib\idea_rt.jar;D:\IntelliJ IDEA 2018.1.4\plugins\junit\lib\junit-rt.jar;D:\IntelliJ IDEA 2018.1.4\plugins\junit\lib\junit5-rt.jar;D:\Java8\jdk1.8.0_121\jre\lib\charsets.jar;D:\Java8\jdk1.8.0_121\jre\lib\deploy.jar;D:\Java8\jdk1.8.0_121\jre\lib\ext\access-bridge-64.jar;D:\Java8\jdk1.8.0_121\jre\lib\ext\cldrdata.jar;D:\Java8\jdk1.8.0_121\jre\lib\ext\dnsns.jar;D:\Java8\jdk1.8.0_121\jre\lib\ext\jaccess.jar;D:\Java8\jdk1.8.0_121\jre\lib\ext\jfxrt.jar;D:\Java8\jdk1.8.0_121\jre\lib\ext\localedata.jar;D:\Java8\jdk1.8.0_121\jre\lib\ext\nashorn.jar;D:\Java8\jdk1.8.0_121\jre\lib\ext\sunec.jar;D:\Java8\jdk1.8.0_121\jre\lib\ext\sunjce_provider.jar;D:\Java8\jdk1.8.0_121\jre\lib\ext\sunmscapi.jar;D:\Java8\jdk1.8.0_121\jre\lib\ext\sunpkcs11.jar;D:\Java8\jdk1.8.0_121\jre\lib\ext\zipfs.jar;D:\Java8\jdk1.8.0_121\jre\lib\javaws.jar;D:\Java8\jdk1.8.0_121\jre\lib\jce.jar;D:\Java8\jdk1.8.0_121\jre\lib\jfr.jar;D:\Java8\jdk1.8.0_121\jre\lib\jfxswt.jar;D:\Java8\jdk1.8.0_121\jre\lib\jsse.jar;D:\Java8\jdk1.8.0_121\jre\lib\management-agent.jar;D:\Java8\jdk1.8.0_121\jre\lib\plugin.jar;D:\Java8\jdk1.8.0_121\jre\lib\resources.jar;D:\Java8\jdk1.8.0_121\jre\lib\rt.jar;E:\IdeaProjects\server\target\test-classes;E:\IdeaProjects\server\target\classes;E:\m3\respository\org\springframework\boot\spring-boot-starter-aop\2.0.2.RELEASE\spring-boot-starter-aop-2.0.2.RELEASE.jar;E:\m3\respository\org\springframework\boot\spring-boot-starter\2.0.2.RELEASE\spring-boot-starter-2.0.2.RELEASE.jar;E:\m3\respository\org\springframework\boot\spring-boot\2.0.2.RELEASE\spring-boot-2.0.2.RELEASE.jar;E:\m3\respository\org\springframework\boot\spring-boot-autoconfigure\2.0.2.RELEASE\spring-boot-autoconfigure-2.0.2.RELEASE.jar;E:\m3\respository\org\springframework\boot\spring-boot-starter-logging\2.0.2.RELEASE\spring-boot-starter-logging-2.0.2.RELEASE.jar;E:\m3\respository\ch\qos\logback\logback-classic\1.2.3\logback-classic-1.2.3.jar;E:\m3\respository\ch\qos\logback\l
Launcher Type: SUN_STANDARD

Environment Variables:
JAVA_HOME=D:\Java8\jdk1.8.0_121
PATH=D:\Java8\jdk1.8.0_121\bin;C:\Windows\system32;C:\Windows;C:\Windows\System32\Wbem;C:\Windows\System32\WindowsPowerShell\v1.0\;D:\MySQL\MySQL Server 5.5\bin;E:\Python27;E:\Python27\Scripts;D:\apache-maven-3.5.0-bin\apache-maven-3.5.0\bin;C:\MinGW\bin;E:\assembly\MASM6.15;C:\Python27;C:\Program Files (x86)\GtkSharp\2.12\bin;C:\Users\Administrator\Desktop\tools;C:\Users\Administrator\Desktop\dlltest;E:\Python36-32\Scripts\;E:\Python36-32\;E:\cocos2d-x-3.16\templates;E:\cocos2d-x-3.16\tools\cocos2d-console\bin;D:\Microsoft Visual Studio\Common\Tools\WinNT;D:\Microsoft Visual Studio\Common\MSDev98\Bin;D:\Microsoft Visual Studio\Common\Tools;D:\Microsoft Visual Studio\VC98\bin;e:\Microsoft VS Code\bin
USERNAME=Administrator
OS=Windows_NT
PROCESSOR_IDENTIFIER=Intel64 Family 6 Model 60 Stepping 3, GenuineIntel



---------------  S Y S T E M  ---------------

OS: Windows 7 , 64 bit Build 7601 (6.1.7601.24117)

CPU:total 8 (4 cores per cpu, 2 threads per core) family 6 model 60 stepping 3, cmov, cx8, fxsr, mmx, sse, sse2, sse3, ssse3, sse4.1, sse4.2, popcnt, avx, avx2, aes, clmul, erms, rtm, lzcnt, ht, tsc, tscinvbit, bmi1, bmi2

Memory: 4k page, physical 8246044k(2214652k free), swap 16490212k(9278788k free)

vm_info: Java HotSpot(TM) 64-Bit Server VM (25.121-b13) for windows-amd64 JRE (1.8.0_121-b13), built on Dec 12 2016 18:21:36 by "java_re" with MS VC++ 10.0 (VS2010)

time: Sat Jun 09 14:07:26 2018
elapsed time: 3 seconds (0d 0h 0m 3s)

